<?xml version="1.0" encoding="UTF-8"?>
<!-- Generated by org.testng.reporters.JUnitReportReporter -->
<testsuite hostname="DESKTOP-UMPB2KF" failures="0" tests="1" name="run.Run" time="17.576" errors="0" timestamp="2023-08-25T17:07:31 IST" skipped="0">
  <testcase classname="run.Run" name="main" time="17.576"/>
</testsuite> <!-- run.Run -->
