<?xml version="1.0" encoding="UTF-8"?>
<!-- Generated by org.testng.reporters.JUnitReportReporter -->
<testsuite hostname="DESKTOP-UMPB2KF" failures="0" tests="1" name="steps.Amazonlaunch" time="38.242" errors="0" timestamp="2023-09-07T15:55:55 IST" skipped="0">
  <testcase classname="steps.Amazonlaunch" name="name" time="38.242"/>
</testsuite> <!-- steps.Amazonlaunch -->
