<?xml version="1.0" encoding="UTF-8"?>
<!-- Generated by org.testng.reporters.JUnitReportReporter -->
<testsuite hostname="DESKTOP-UMPB2KF" failures="0" tests="1" name="runner.Run" time="15.964" errors="0" timestamp="2023-08-27T22:57:22 IST" skipped="0">
  <testcase classname="runner.Run" name="runScenario" time="15.964"/>
</testsuite> <!-- runner.Run -->
