<?xml version="1.0" encoding="UTF-8"?>
<!-- Generated by org.testng.reporters.JUnitReportReporter -->
<testsuite hostname="DESKTOP-UMPB2KF" failures="0" tests="1" name="maven1.Testprg" time="16.435" errors="0" timestamp="2023-08-20T23:05:16 IST" skipped="0">
  <testcase classname="maven1.Testprg" name="Test" time="16.435"/>
</testsuite> <!-- maven1.Testprg -->
