<?xml version="1.0" encoding="UTF-8"?>
<!-- Generated by org.testng.reporters.JUnitReportReporter -->
<testsuite hostname="DESKTOP-UMPB2KF" failures="0" tests="8" name="Runner.Bankrun" time="15.878" errors="0" timestamp="2023-09-13T10:12:30 IST" skipped="0">
  <testcase classname="Runner.Bankrun" name="withdraw" time="2.394"/>
  <testcase classname="Runner.Bankrun" name="deposite" time="1.499"/>
  <testcase classname="Runner.Bankrun" name="Run" time="8.465"/>
  <testcase classname="Runner.Bankrun" name="trans" time="0.914"/>
  <testcase classname="Runner.Bankrun" name="openacc" time="0.369"/>
  <testcase classname="Runner.Bankrun" name="details" time="0.218"/>
  <testcase classname="Runner.Bankrun" name="amt" time="1.275"/>
  <testcase classname="Runner.Bankrun" name="login" time="0.744"/>
</testsuite> <!-- Runner.Bankrun -->
